22:24:16.978  242  DEBUG fr.sparna.rdf.xls2rdf.app.Convert - Will use output format : text/turtle
22:24:16.981  245  DEBUG fr.sparna.rdf.xls2rdf.app.Convert - Will use ModelWriter : fr.sparna.rdf.xls2rdf.OutputStreamModelWriter
22:24:17.435  699  DEBUG f.s.rdf.xls2rdf.Xls2RdfConverter - Processing sheet: Sheet1
22:24:17.439  703  INFO  f.sparna.rdf.xls2rdf.RdfizableSheet - Found proper property in header : https://w3id.org/ontoforge/wedcc#
22:24:17.440  704  INFO  f.sparna.rdf.xls2rdf.RdfizableSheet - Found proper property in header : http://purl.org/dc/terms/
22:24:17.440  704  INFO  f.sparna.rdf.xls2rdf.RdfizableSheet - Found proper property in header : http://www.w3.org/2002/07/owl#
22:24:17.441  705  INFO  f.sparna.rdf.xls2rdf.RdfizableSheet - Found proper property in header : http://data.europa.eu/ux2/nace2/nace2
22:24:17.443  707  INFO  f.sparna.rdf.xls2rdf.RdfizableSheet - Found proper property in header : http://creativecommons.org/licenses/by/4.0/
22:24:17.445  709  INFO  f.sparna.rdf.xls2rdf.RdfizableSheet - Found proper property in header : http://www.w3.org/2004/02/skos/core#prefLabel
22:24:17.445  709  INFO  f.sparna.rdf.xls2rdf.RdfizableSheet - Found proper property in header : http://www.w3.org/2004/02/skos/core#definition
22:24:17.446  710  INFO  f.sparna.rdf.xls2rdf.RdfizableSheet - Found proper property in header : http://www.w3.org/2004/02/skos/core#altLabel
22:24:17.446  710  INFO  f.sparna.rdf.xls2rdf.RdfizableSheet - Found proper property in header : http://www.w3.org/2004/02/skos/core#broader
22:24:17.447  711  INFO  f.sparna.rdf.xls2rdf.RdfizableSheet - Found proper property in header : http://www.w3.org/2004/02/skos/core#exactMatch
22:24:17.447  711  INFO  f.sparna.rdf.xls2rdf.RdfizableSheet - Found proper property in header : http://www.w3.org/2004/02/skos/core#closeMatch
22:24:17.447  711  INFO  f.sparna.rdf.xls2rdf.RdfizableSheet - Found proper property in header : http://www.w3.org/2004/02/skos/core#related
22:24:17.447  711  INFO  f.sparna.rdf.xls2rdf.RdfizableSheet - Found proper property in header : http://purl.org/dc/terms/creator
22:24:17.447  711  INFO  f.sparna.rdf.xls2rdf.RdfizableSheet - Found proper property in header : http://purl.org/dc/terms/contributor
22:24:17.447  711  INFO  f.sparna.rdf.xls2rdf.RdfizableSheet - Found at least 2 headers with proper property declaration in the first 10 columns, title row is at index 14
22:24:17.448  712  DEBUG f.s.rdf.xls2rdf.Xls2RdfConverter - Found title row at index 14
22:24:17.450  714  DEBUG f.s.rdf.xls2rdf.Xls2RdfConverter - Adding value on header object "WEDCC" with lang en
22:24:17.452  716  DEBUG f.s.rdf.xls2rdf.Xls2RdfConverter - Adding value on header object "Wind Europe Data Categories and Classes" with lang en
22:24:17.452  716  DEBUG f.s.rdf.xls2rdf.Xls2RdfConverter - Adding value on header object "A data classification scheme addressing the major types of data used in the wind energy sector. This scheme aims to guide and facilitate the sector-specific implementation of relevant data regulation." with lang en
22:24:17.453  717  DEBUG f.s.rdf.xls2rdf.Xls2RdfConverter - Adding value on header object "Wind Europe" with lang en
22:24:17.454  718  DEBUG f.s.rdf.xls2rdf.Xls2RdfConverter - Adding value on header object "http://creativecommons.org/licenses/by/4.0/" with lang en
22:24:17.454  718  DEBUG f.s.rdf.xls2rdf.Xls2RdfConverter - Adding value on header object "0.0.1" with lang en
22:24:17.454  718  DEBUG f.s.rdf.xls2rdf.Xls2RdfConverter - Converting data with these column headers: 
22:24:17.454  718  DEBUG f.s.rdf.xls2rdf.Xls2RdfConverter - ColumnHeader [originalValue=Identifier, language=Optional.empty, datatype=Optional.empty, property=null, declaredProperty=Identifier, inverse=false, parameters={}, id=null, reconcileOn=null, headerCell=Identifier]
22:24:17.454  718  DEBUG f.s.rdf.xls2rdf.Xls2RdfConverter - ColumnHeader [originalValue=skos:prefLabel, language=Optional.empty, datatype=Optional.empty, property=http://www.w3.org/2004/02/skos/core#prefLabel, declaredProperty=skos:prefLabel, inverse=false, parameters={}, id=null, reconcileOn=null, headerCell=skos:prefLabel]
22:24:17.455  719  DEBUG f.s.rdf.xls2rdf.Xls2RdfConverter - ColumnHeader [originalValue=skos:definition@en, language=Optional[en], datatype=Optional.empty, property=http://www.w3.org/2004/02/skos/core#definition, declaredProperty=skos:definition, inverse=false, parameters={}, id=null, reconcileOn=null, headerCell=skos:definition@en]
22:24:17.455  719  DEBUG f.s.rdf.xls2rdf.Xls2RdfConverter - ColumnHeader [originalValue=skos:altLabel(separator=","), language=Optional.empty, datatype=Optional.empty, property=http://www.w3.org/2004/02/skos/core#altLabel, declaredProperty=skos:altLabel, inverse=false, parameters={separator=,}, id=null, reconcileOn=null, headerCell=skos:altLabel(separator=",")]
22:24:17.455  719  DEBUG f.s.rdf.xls2rdf.Xls2RdfConverter - ColumnHeader [originalValue=skos:broader(separator=","), language=Optional.empty, datatype=Optional.empty, property=http://www.w3.org/2004/02/skos/core#broader, declaredProperty=skos:broader, inverse=false, parameters={separator=,}, id=null, reconcileOn=null, headerCell=skos:broader(separator=",")]
22:24:17.455  719  DEBUG f.s.rdf.xls2rdf.Xls2RdfConverter - ColumnHeader [originalValue=skos:exactMatch(separator=","), language=Optional.empty, datatype=Optional.empty, property=http://www.w3.org/2004/02/skos/core#exactMatch, declaredProperty=skos:exactMatch, inverse=false, parameters={separator=,}, id=null, reconcileOn=null, headerCell=skos:exactMatch(separator=",")]
22:24:17.455  719  DEBUG f.s.rdf.xls2rdf.Xls2RdfConverter - ColumnHeader [originalValue=skos:closeMatch(separator=","), language=Optional.empty, datatype=Optional.empty, property=http://www.w3.org/2004/02/skos/core#closeMatch, declaredProperty=skos:closeMatch, inverse=false, parameters={separator=,}, id=null, reconcileOn=null, headerCell=skos:closeMatch(separator=",")]
22:24:17.455  719  DEBUG f.s.rdf.xls2rdf.Xls2RdfConverter - ColumnHeader [originalValue=skos:related(separator=","), language=Optional.empty, datatype=Optional.empty, property=http://www.w3.org/2004/02/skos/core#related, declaredProperty=skos:related, inverse=false, parameters={separator=,}, id=null, reconcileOn=null, headerCell=skos:related(separator=",")]
22:24:17.456  720  DEBUG f.s.rdf.xls2rdf.Xls2RdfConverter - ColumnHeader [originalValue=dct:creator(separator=","), language=Optional.empty, datatype=Optional.empty, property=http://purl.org/dc/terms/creator, declaredProperty=dct:creator, inverse=false, parameters={separator=,}, id=null, reconcileOn=null, headerCell=dct:creator(separator=",")]
22:24:17.456  720  DEBUG f.s.rdf.xls2rdf.Xls2RdfConverter - ColumnHeader [originalValue=dct:contributor(separator=","), language=Optional.empty, datatype=Optional.empty, property=http://purl.org/dc/terms/contributor, declaredProperty=dct:contributor, inverse=false, parameters={separator=,}, id=null, reconcileOn=null, headerCell=dct:contributor(separator=",")]
22:24:17.456  720  DEBUG f.s.rdf.xls2rdf.Xls2RdfConverter - ColumnHeader [originalValue=dct:bibliographicCitation(separator=","), language=Optional.empty, datatype=Optional.empty, property=http://purl.org/dc/terms/bibliographicCitation, declaredProperty=dct:bibliographicCitation, inverse=false, parameters={separator=,}, id=null, reconcileOn=null, headerCell=dct:bibliographicCitation(separator=",")]
22:24:17.456  720  DEBUG f.s.rdf.xls2rdf.Xls2RdfConverter - ColumnHeader [originalValue=dct:references(separator=","), language=Optional.empty, datatype=Optional.empty, property=http://purl.org/dc/terms/references, declaredProperty=dct:references, inverse=false, parameters={separator=,}, id=null, reconcileOn=null, headerCell=dct:references(separator=",")]
22:24:17.456  720  DEBUG f.s.rdf.xls2rdf.Xls2RdfConverter - ColumnHeader [originalValue=skos:editorialNote@en, language=Optional[en], datatype=Optional.empty, property=http://www.w3.org/2004/02/skos/core#editorialNote, declaredProperty=skos:editorialNote, inverse=false, parameters={}, id=null, reconcileOn=null, headerCell=skos:editorialNote@en]
22:24:17.456  720  DEBUG f.s.rdf.xls2rdf.Xls2RdfConverter - ColumnHeader [originalValue=skos:note@en, language=Optional[en], datatype=Optional.empty, property=http://www.w3.org/2004/02/skos/core#note, declaredProperty=skos:note, inverse=false, parameters={}, id=null, reconcileOn=null, headerCell=skos:note@en]
22:24:17.456  720  INFO  f.s.rdf.xls2rdf.Xls2RdfConverter - Converting rows...
22:24:17.474  738  INFO  f.s.rdf.xls2rdf.Xls2RdfConverter - Applying SKOS post-processings on the result
22:24:17.474  738  DEBUG f.s.rdf.xls2rdf.SkosPostProcessor - Postprocessing : SkosPostProcessor
22:24:17.475  739  DEBUG f.s.rdf.xls2rdf.SkosPostProcessor - Considering main resource like a ConceptScheme.
22:24:17.477  741  DEBUG f.s.rdf.xls2rdf.SkosPostProcessor - Adding inverse skos:broader and skos:narrower
22:24:17.480  744  DEBUG f.s.rdf.xls2rdf.SkosPostProcessor - Adding skos:inScheme
22:24:17.481  745  DEBUG f.s.rdf.xls2rdf.SkosPostProcessor - Setting rdf:type skos:ConceptScheme to main resource
22:24:17.481  745  DEBUG f.s.rdf.xls2rdf.SkosPostProcessor - Adding skos:hasTopConcept / skos:topConceptOf
22:24:17.485  749  DEBUG f.s.rdf.xls2rdf.Xls2RdfConverter - Saving graph of 149 statements generated from Sheet Sheet1
